<?xml version="1.0" encoding="UTF-8"?>
<!-- Generated by org.testng.reporters.JUnitXMLReporter -->
<testsuite ignored="0" hostname="192-168-1-101.tpgi.com.au" failures="0" tests="2" name="Default test" time="4.598" errors="0" timestamp="2021-03-30T14:12:29 AEDT">
  <testcase classname="tests.WeatherForecastTest" name="findBestSurfingPointByPostCode" time="1.785"/>
  <testcase classname="tests.WeatherForecastTest" name="findBestSurfingPointByPostCode" time="2.774"/>
</testsuite> <!-- Default test -->
