<?xml version="1.0" encoding="UTF-8"?>
<testng-results ignored="0" total="2" passed="2" failed="0" skipped="0">
  <reporter-output>
  </reporter-output>
  <suite started-at="2021-03-30T14:12:24 AEDT" name="Default suite" finished-at="2021-03-30T14:12:29 AEDT" duration-ms="4598">
    <groups>
    </groups>
    <test started-at="2021-03-30T14:12:24 AEDT" name="Default test" finished-at="2021-03-30T14:12:29 AEDT" duration-ms="4598">
      <class name="tests.WeatherForecastTest">
        <test-method signature="findBestSurfingPointByPostCode(java.lang.String)[pri:0, instance:tests.WeatherForecastTest@fdefd3f]" started-at="2021-03-30T14:12:24 AEDT" name="findBestSurfingPointByPostCode" data-provider="postCodes" finished-at="2021-03-30T14:12:26 AEDT" duration-ms="1785" status="PASS">
          <params>
            <param index="0">
              <value>
                <![CDATA[2026]]>
              </value>
            </param>
          </params>
          <reporter-output>
          </reporter-output>
        </test-method> <!-- findBestSurfingPointByPostCode -->
        <test-method signature="findBestSurfingPointByPostCode(java.lang.String)[pri:0, instance:tests.WeatherForecastTest@fdefd3f]" started-at="2021-03-30T14:12:26 AEDT" name="findBestSurfingPointByPostCode" data-provider="postCodes" finished-at="2021-03-30T14:12:29 AEDT" duration-ms="2774" status="PASS">
          <params>
            <param index="0">
              <value>
                <![CDATA[2108]]>
              </value>
            </param>
          </params>
          <reporter-output>
          </reporter-output>
        </test-method> <!-- findBestSurfingPointByPostCode -->
      </class> <!-- tests.WeatherForecastTest -->
    </test> <!-- Default test -->
  </suite> <!-- Default suite -->
</testng-results>
