<?xml version="1.0" encoding="UTF-8"?>
<testng-results ignored="0" total="1" passed="1" failed="0" skipped="0">
  <reporter-output>
  </reporter-output>
  <suite started-at="2021-03-18T16:25:30 AEDT" name="Default suite" finished-at="2021-03-18T16:25:33 AEDT" duration-ms="3056">
    <groups>
    </groups>
    <test started-at="2021-03-18T16:25:30 AEDT" name="Default test" finished-at="2021-03-18T16:25:33 AEDT" duration-ms="3056">
      <class name="tests.GetRequest">
        <test-method signature="getRequestByPassingPostalCode()[pri:0, instance:tests.GetRequest@5db250b4]" started-at="2021-03-18T16:25:30 AEDT" name="getRequestByPassingPostalCode" finished-at="2021-03-18T16:25:33 AEDT" duration-ms="3026" status="PASS">
          <reporter-output>
          </reporter-output>
        </test-method> <!-- getRequestByPassingPostalCode -->
      </class> <!-- tests.GetRequest -->
    </test> <!-- Default test -->
  </suite> <!-- Default suite -->
</testng-results>
